TN:
SF:linkedList.js
FN:2,(anonymous_0)
FN:7,(anonymous_1)
FN:13,(anonymous_2)
FN:23,(anonymous_3)
FN:33,(anonymous_4)
FN:43,(anonymous_5)
FN:48,(anonymous_6)
FN:60,(anonymous_7)
FN:66,(anonymous_8)
FNF:9
FNH:8
FNDA:14,(anonymous_0)
FNDA:37,(anonymous_1)
FNDA:12,(anonymous_2)
FNDA:0,(anonymous_3)
FNDA:4,(anonymous_4)
FNDA:2,(anonymous_5)
FNDA:4,(anonymous_6)
FNDA:38,(anonymous_7)
FNDA:13,(anonymous_8)
DA:3,14
DA:4,14
DA:8,37
DA:9,37
DA:10,37
DA:14,12
DA:16,6
DA:17,6
DA:18,7
DA:20,6
DA:24,0
DA:25,0
DA:26,0
DA:27,0
DA:28,0
DA:30,0
DA:34,4
DA:36,3
DA:37,3
DA:39,1
DA:40,1
DA:44,2
DA:45,2
DA:49,4
DA:51,3
DA:52,3
DA:54,1
DA:55,1
DA:61,38
DA:62,38
DA:66,1
DA:67,13
DA:68,13
DA:69,34
DA:71,13
DA:74,1
LF:36
LH:30
BRDA:14,0,0,6
BRDA:14,0,1,6
BRDA:14,1,0,12
BRDA:14,1,1,9
BRDA:34,2,0,1
BRDA:34,2,1,3
BRDA:37,3,0,2
BRDA:37,3,1,1
BRDA:49,4,0,1
BRDA:49,4,1,3
BRDA:52,5,0,2
BRDA:52,5,1,1
BRF:12
BRH:12
end_of_record
