<?xml version="1.0" encoding="UTF-8"?>
<coverage generated="1669150172158" clover="3.2.0">
  <project timestamp="1669150172158" name="All files">
    <metrics statements="91" coveredstatements="90" conditionals="44" coveredconditionals="43" methods="14" coveredmethods="14" elements="149" coveredelements="147" complexity="0" loc="91" ncloc="91" packages="1" files="1" classes="1"/>
    <file name="bst.js" path="/Users/alie/Development/code/job-search/data-structures-and-algos/DSA-basics/other-basic-ds/binaryTree/bst.js">
      <metrics statements="91" coveredstatements="90" conditionals="44" coveredconditionals="43" methods="14" coveredmethods="14"/>
      <line num="3" count="23" type="stmt"/>
      <line num="7" count="145" type="stmt"/>
      <line num="9" count="145" type="cond" truecount="2" falsecount="0"/>
      <line num="10" count="22" type="stmt"/>
      <line num="11" count="22" type="stmt"/>
      <line num="13" count="123" type="stmt"/>
      <line num="15" count="285" type="cond" truecount="2" falsecount="0"/>
      <line num="17" count="93" type="cond" truecount="2" falsecount="0"/>
      <line num="18" count="49" type="stmt"/>
      <line num="19" count="49" type="stmt"/>
      <line num="21" count="44" type="stmt"/>
      <line num="24" count="192" type="cond" truecount="2" falsecount="0"/>
      <line num="26" count="191" type="cond" truecount="2" falsecount="0"/>
      <line num="27" count="73" type="stmt"/>
      <line num="28" count="73" type="stmt"/>
      <line num="30" count="118" type="stmt"/>
      <line num="35" count="1" type="stmt"/>
      <line num="39" count="123" type="stmt"/>
      <line num="44" count="2" type="stmt"/>
      <line num="45" count="2" type="stmt"/>
      <line num="46" count="4" type="stmt"/>
      <line num="48" count="2" type="stmt"/>
      <line num="52" count="2" type="stmt"/>
      <line num="53" count="2" type="stmt"/>
      <line num="54" count="9" type="stmt"/>
      <line num="56" count="2" type="stmt"/>
      <line num="60" count="7" type="stmt"/>
      <line num="61" count="7" type="stmt"/>
      <line num="62" count="11" type="cond" truecount="2" falsecount="0"/>
      <line num="63" count="4" type="stmt"/>
      <line num="65" count="7" type="stmt"/>
      <line num="67" count="11" type="cond" truecount="2" falsecount="0"/>
      <line num="68" count="3" type="stmt"/>
      <line num="71" count="4" type="stmt"/>
      <line num="75" count="4" type="stmt"/>
      <line num="76" count="4" type="stmt"/>
      <line num="77" count="9" type="cond" truecount="2" falsecount="0"/>
      <line num="78" count="2" type="stmt"/>
      <line num="80" count="7" type="cond" truecount="2" falsecount="0"/>
      <line num="81" count="3" type="stmt"/>
      <line num="83" count="4" type="stmt"/>
      <line num="86" count="2" type="stmt"/>
      <line num="90" count="5" type="stmt"/>
      <line num="91" count="16" type="cond" truecount="1" falsecount="1"/>
      <line num="92" count="0" type="stmt"/>
      <line num="94" count="16" type="cond" truecount="2" falsecount="0"/>
      <line num="95" count="7" type="cond" truecount="4" falsecount="0"/>
      <line num="96" count="2" type="stmt"/>
      <line num="98" count="5" type="cond" truecount="2" falsecount="0"/>
      <line num="99" count="2" type="stmt"/>
      <line num="101" count="3" type="cond" truecount="2" falsecount="0"/>
      <line num="102" count="1" type="stmt"/>
      <line num="105" count="2" type="stmt"/>
      <line num="106" count="2" type="stmt"/>
      <line num="107" count="1" type="stmt"/>
      <line num="109" count="2" type="stmt"/>
      <line num="110" count="2" type="stmt"/>
      <line num="111" count="2" type="stmt"/>
      <line num="112" count="9" type="cond" truecount="2" falsecount="0"/>
      <line num="113" count="7" type="stmt"/>
      <line num="114" count="7" type="stmt"/>
      <line num="116" count="2" type="stmt"/>
      <line num="117" count="2" type="stmt"/>
      <line num="120" count="5" type="stmt"/>
      <line num="123" count="23" type="cond" truecount="1" falsecount="0"/>
      <line num="124" count="58" type="cond" truecount="2" falsecount="0"/>
      <line num="125" count="31" type="stmt"/>
      <line num="127" count="27" type="stmt"/>
      <line num="128" count="27" type="stmt"/>
      <line num="129" count="27" type="cond" truecount="2" falsecount="0"/>
      <line num="130" count="10" type="stmt"/>
      <line num="132" count="17" type="stmt"/>
      <line num="136" count="23" type="cond" truecount="1" falsecount="0"/>
      <line num="137" count="58" type="cond" truecount="2" falsecount="0"/>
      <line num="138" count="31" type="stmt"/>
      <line num="140" count="27" type="stmt"/>
      <line num="141" count="27" type="stmt"/>
      <line num="142" count="27" type="cond" truecount="2" falsecount="0"/>
      <line num="143" count="4" type="stmt"/>
      <line num="145" count="23" type="stmt"/>
      <line num="149" count="23" type="stmt"/>
      <line num="150" count="2" type="stmt"/>
      <line num="157" count="148" type="stmt"/>
      <line num="158" count="148" type="stmt"/>
      <line num="159" count="148" type="stmt"/>
      <line num="163" count="1" type="stmt"/>
      <line num="164" count="19" type="stmt"/>
      <line num="165" count="19" type="stmt"/>
      <line num="166" count="136" type="stmt"/>
      <line num="168" count="19" type="stmt"/>
      <line num="172" count="1" type="stmt"/>
    </file>
  </project>
</coverage>
