{"/Users/alie/Development/code/job-search/data-structures-and-algos/DSA-basics/other-basic-ds/binaryTree/bst.js": {"path":"/Users/alie/Development/code/job-search/data-structures-and-algos/DSA-basics/other-basic-ds/binaryTree/bst.js","statementMap":{"0":{"start":{"line":3,"column":4},"end":{"line":3,"column":20}},"1":{"start":{"line":7,"column":17},"end":{"line":7,"column":26}},"2":{"start":{"line":9,"column":4},"end":{"line":40,"column":5}},"3":{"start":{"line":10,"column":6},"end":{"line":10,"column":36}},"4":{"start":{"line":11,"column":6},"end":{"line":11,"column":12}},"5":{"start":{"line":13,"column":25},"end":{"line":38,"column":7}},"6":{"start":{"line":15,"column":8},"end":{"line":37,"column":9}},"7":{"start":{"line":17,"column":10},"end":{"line":22,"column":11}},"8":{"start":{"line":18,"column":12},"end":{"line":18,"column":42}},"9":{"start":{"line":19,"column":12},"end":{"line":19,"column":18}},"10":{"start":{"line":21,"column":12},"end":{"line":21,"column":40}},"11":{"start":{"line":24,"column":15},"end":{"line":37,"column":9}},"12":{"start":{"line":26,"column":10},"end":{"line":31,"column":11}},"13":{"start":{"line":27,"column":12},"end":{"line":27,"column":43}},"14":{"start":{"line":28,"column":12},"end":{"line":28,"column":18}},"15":{"start":{"line":30,"column":12},"end":{"line":30,"column":41}},"16":{"start":{"line":35,"column":10},"end":{"line":35,"column":21}},"17":{"start":{"line":39,"column":6},"end":{"line":39,"column":29}},"18":{"start":{"line":44,"column":18},"end":{"line":44,"column":27}},"19":{"start":{"line":45,"column":4},"end":{"line":47,"column":5}},"20":{"start":{"line":46,"column":6},"end":{"line":46,"column":28}},"21":{"start":{"line":48,"column":4},"end":{"line":48,"column":24}},"22":{"start":{"line":52,"column":18},"end":{"line":52,"column":27}},"23":{"start":{"line":53,"column":4},"end":{"line":55,"column":5}},"24":{"start":{"line":54,"column":6},"end":{"line":54,"column":29}},"25":{"start":{"line":56,"column":4},"end":{"line":56,"column":24}},"26":{"start":{"line":60,"column":18},"end":{"line":60,"column":27}},"27":{"start":{"line":61,"column":4},"end":{"line":70,"column":5}},"28":{"start":{"line":62,"column":6},"end":{"line":66,"column":7}},"29":{"start":{"line":63,"column":8},"end":{"line":63,"column":30}},"30":{"start":{"line":65,"column":8},"end":{"line":65,"column":31}},"31":{"start":{"line":67,"column":6},"end":{"line":69,"column":7}},"32":{"start":{"line":68,"column":8},"end":{"line":68,"column":19}},"33":{"start":{"line":71,"column":4},"end":{"line":71,"column":18}},"34":{"start":{"line":75,"column":18},"end":{"line":75,"column":27}},"35":{"start":{"line":76,"column":4},"end":{"line":85,"column":5}},"36":{"start":{"line":77,"column":6},"end":{"line":79,"column":7}},"37":{"start":{"line":78,"column":8},"end":{"line":78,"column":19}},"38":{"start":{"line":80,"column":6},"end":{"line":84,"column":7}},"39":{"start":{"line":81,"column":8},"end":{"line":81,"column":30}},"40":{"start":{"line":83,"column":8},"end":{"line":83,"column":31}},"41":{"start":{"line":86,"column":4},"end":{"line":86,"column":16}},"42":{"start":{"line":90,"column":23},"end":{"line":119,"column":5}},"43":{"start":{"line":91,"column":6},"end":{"line":93,"column":7}},"44":{"start":{"line":92,"column":8},"end":{"line":92,"column":19}},"45":{"start":{"line":94,"column":6},"end":{"line":118,"column":7}},"46":{"start":{"line":95,"column":8},"end":{"line":97,"column":9}},"47":{"start":{"line":96,"column":10},"end":{"line":96,"column":21}},"48":{"start":{"line":98,"column":8},"end":{"line":100,"column":9}},"49":{"start":{"line":99,"column":10},"end":{"line":99,"column":27}},"50":{"start":{"line":101,"column":8},"end":{"line":103,"column":9}},"51":{"start":{"line":102,"column":10},"end":{"line":102,"column":26}},"52":{"start":{"line":105,"column":23},"end":{"line":105,"column":33}},"53":{"start":{"line":106,"column":8},"end":{"line":108,"column":9}},"54":{"start":{"line":107,"column":10},"end":{"line":107,"column":34}},"55":{"start":{"line":109,"column":8},"end":{"line":109,"column":35}},"56":{"start":{"line":110,"column":8},"end":{"line":110,"column":59}},"57":{"start":{"line":111,"column":8},"end":{"line":111,"column":19}},"58":{"start":{"line":112,"column":13},"end":{"line":118,"column":7}},"59":{"start":{"line":113,"column":8},"end":{"line":113,"column":48}},"60":{"start":{"line":114,"column":8},"end":{"line":114,"column":19}},"61":{"start":{"line":116,"column":8},"end":{"line":116,"column":50}},"62":{"start":{"line":117,"column":8},"end":{"line":117,"column":19}},"63":{"start":{"line":120,"column":4},"end":{"line":120,"column":44}},"64":{"start":{"line":123,"column":18},"end":{"line":134,"column":3}},"65":{"start":{"line":124,"column":4},"end":{"line":126,"column":5}},"66":{"start":{"line":125,"column":6},"end":{"line":125,"column":15}},"67":{"start":{"line":127,"column":15},"end":{"line":127,"column":44}},"68":{"start":{"line":128,"column":16},"end":{"line":128,"column":46}},"69":{"start":{"line":129,"column":4},"end":{"line":133,"column":5}},"70":{"start":{"line":130,"column":6},"end":{"line":130,"column":21}},"71":{"start":{"line":132,"column":6},"end":{"line":132,"column":22}},"72":{"start":{"line":136,"column":18},"end":{"line":147,"column":3}},"73":{"start":{"line":137,"column":4},"end":{"line":139,"column":5}},"74":{"start":{"line":138,"column":6},"end":{"line":138,"column":15}},"75":{"start":{"line":140,"column":15},"end":{"line":140,"column":44}},"76":{"start":{"line":141,"column":16},"end":{"line":141,"column":46}},"77":{"start":{"line":142,"column":4},"end":{"line":146,"column":5}},"78":{"start":{"line":143,"column":6},"end":{"line":143,"column":21}},"79":{"start":{"line":145,"column":6},"end":{"line":145,"column":22}},"80":{"start":{"line":149,"column":15},"end":{"line":151,"column":3}},"81":{"start":{"line":150,"column":4},"end":{"line":150,"column":61}},"82":{"start":{"line":157,"column":4},"end":{"line":157,"column":22}},"83":{"start":{"line":158,"column":4},"end":{"line":158,"column":20}},"84":{"start":{"line":159,"column":4},"end":{"line":159,"column":22}},"85":{"start":{"line":163,"column":0},"end":{"line":169,"column":1}},"86":{"start":{"line":164,"column":14},"end":{"line":164,"column":23}},"87":{"start":{"line":165,"column":2},"end":{"line":167,"column":3}},"88":{"start":{"line":165,"column":14},"end":{"line":165,"column":15}},"89":{"start":{"line":166,"column":4},"end":{"line":166,"column":22}},"90":{"start":{"line":168,"column":2},"end":{"line":168,"column":12}},"91":{"start":{"line":172,"column":0},"end":{"line":172,"column":33}}},"fnMap":{"0":{"name":"(anonymous_0)","decl":{"start":{"line":2,"column":2},"end":{"line":2,"column":3}},"loc":{"start":{"line":2,"column":16},"end":{"line":4,"column":3}},"line":2},"1":{"name":"(anonymous_1)","decl":{"start":{"line":6,"column":2},"end":{"line":6,"column":3}},"loc":{"start":{"line":6,"column":13},"end":{"line":41,"column":3}},"line":6},"2":{"name":"(anonymous_2)","decl":{"start":{"line":13,"column":25},"end":{"line":13,"column":26}},"loc":{"start":{"line":13,"column":40},"end":{"line":38,"column":7}},"line":13},"3":{"name":"(anonymous_3)","decl":{"start":{"line":43,"column":2},"end":{"line":43,"column":3}},"loc":{"start":{"line":43,"column":12},"end":{"line":49,"column":3}},"line":43},"4":{"name":"(anonymous_4)","decl":{"start":{"line":51,"column":2},"end":{"line":51,"column":3}},"loc":{"start":{"line":51,"column":12},"end":{"line":57,"column":3}},"line":51},"5":{"name":"(anonymous_5)","decl":{"start":{"line":59,"column":2},"end":{"line":59,"column":3}},"loc":{"start":{"line":59,"column":14},"end":{"line":72,"column":3}},"line":59},"6":{"name":"(anonymous_6)","decl":{"start":{"line":74,"column":2},"end":{"line":74,"column":3}},"loc":{"start":{"line":74,"column":19},"end":{"line":87,"column":3}},"line":74},"7":{"name":"(anonymous_7)","decl":{"start":{"line":89,"column":2},"end":{"line":89,"column":3}},"loc":{"start":{"line":89,"column":16},"end":{"line":121,"column":3}},"line":89},"8":{"name":"(anonymous_8)","decl":{"start":{"line":90,"column":23},"end":{"line":90,"column":24}},"loc":{"start":{"line":90,"column":45},"end":{"line":119,"column":5}},"line":90},"9":{"name":"(anonymous_9)","decl":{"start":{"line":123,"column":18},"end":{"line":123,"column":19}},"loc":{"start":{"line":123,"column":45},"end":{"line":134,"column":3}},"line":123},"10":{"name":"(anonymous_10)","decl":{"start":{"line":136,"column":18},"end":{"line":136,"column":19}},"loc":{"start":{"line":136,"column":45},"end":{"line":147,"column":3}},"line":136},"11":{"name":"(anonymous_11)","decl":{"start":{"line":149,"column":15},"end":{"line":149,"column":16}},"loc":{"start":{"line":149,"column":26},"end":{"line":151,"column":3}},"line":149},"12":{"name":"(anonymous_12)","decl":{"start":{"line":156,"column":2},"end":{"line":156,"column":3}},"loc":{"start":{"line":156,"column":48},"end":{"line":160,"column":3}},"line":156},"13":{"name":"(anonymous_13)","decl":{"start":{"line":163,"column":17},"end":{"line":163,"column":18}},"loc":{"start":{"line":163,"column":37},"end":{"line":169,"column":1}},"line":163}},"branchMap":{"0":{"loc":{"start":{"line":9,"column":4},"end":{"line":40,"column":5}},"type":"if","locations":[{"start":{"line":9,"column":4},"end":{"line":40,"column":5}},{"start":{"line":12,"column":11},"end":{"line":40,"column":5}}],"line":9},"1":{"loc":{"start":{"line":15,"column":8},"end":{"line":37,"column":9}},"type":"if","locations":[{"start":{"line":15,"column":8},"end":{"line":37,"column":9}},{"start":{"line":24,"column":15},"end":{"line":37,"column":9}}],"line":15},"2":{"loc":{"start":{"line":17,"column":10},"end":{"line":22,"column":11}},"type":"if","locations":[{"start":{"line":17,"column":10},"end":{"line":22,"column":11}},{"start":{"line":20,"column":17},"end":{"line":22,"column":11}}],"line":17},"3":{"loc":{"start":{"line":24,"column":15},"end":{"line":37,"column":9}},"type":"if","locations":[{"start":{"line":24,"column":15},"end":{"line":37,"column":9}},{"start":{"line":33,"column":15},"end":{"line":37,"column":9}}],"line":24},"4":{"loc":{"start":{"line":26,"column":10},"end":{"line":31,"column":11}},"type":"if","locations":[{"start":{"line":26,"column":10},"end":{"line":31,"column":11}},{"start":{"line":29,"column":17},"end":{"line":31,"column":11}}],"line":26},"5":{"loc":{"start":{"line":62,"column":6},"end":{"line":66,"column":7}},"type":"if","locations":[{"start":{"line":62,"column":6},"end":{"line":66,"column":7}},{"start":{"line":64,"column":13},"end":{"line":66,"column":7}}],"line":62},"6":{"loc":{"start":{"line":67,"column":6},"end":{"line":69,"column":7}},"type":"if","locations":[{"start":{"line":67,"column":6},"end":{"line":69,"column":7}},{"start":{},"end":{}}],"line":67},"7":{"loc":{"start":{"line":77,"column":6},"end":{"line":79,"column":7}},"type":"if","locations":[{"start":{"line":77,"column":6},"end":{"line":79,"column":7}},{"start":{},"end":{}}],"line":77},"8":{"loc":{"start":{"line":80,"column":6},"end":{"line":84,"column":7}},"type":"if","locations":[{"start":{"line":80,"column":6},"end":{"line":84,"column":7}},{"start":{"line":82,"column":13},"end":{"line":84,"column":7}}],"line":80},"9":{"loc":{"start":{"line":91,"column":6},"end":{"line":93,"column":7}},"type":"if","locations":[{"start":{"line":91,"column":6},"end":{"line":93,"column":7}},{"start":{},"end":{}}],"line":91},"10":{"loc":{"start":{"line":94,"column":6},"end":{"line":118,"column":7}},"type":"if","locations":[{"start":{"line":94,"column":6},"end":{"line":118,"column":7}},{"start":{"line":112,"column":13},"end":{"line":118,"column":7}}],"line":94},"11":{"loc":{"start":{"line":95,"column":8},"end":{"line":97,"column":9}},"type":"if","locations":[{"start":{"line":95,"column":8},"end":{"line":97,"column":9}},{"start":{},"end":{}}],"line":95},"12":{"loc":{"start":{"line":95,"column":11},"end":{"line":95,"column":52}},"type":"binary-expr","locations":[{"start":{"line":95,"column":11},"end":{"line":95,"column":29}},{"start":{"line":95,"column":33},"end":{"line":95,"column":52}}],"line":95},"13":{"loc":{"start":{"line":98,"column":8},"end":{"line":100,"column":9}},"type":"if","locations":[{"start":{"line":98,"column":8},"end":{"line":100,"column":9}},{"start":{},"end":{}}],"line":98},"14":{"loc":{"start":{"line":101,"column":8},"end":{"line":103,"column":9}},"type":"if","locations":[{"start":{"line":101,"column":8},"end":{"line":103,"column":9}},{"start":{},"end":{}}],"line":101},"15":{"loc":{"start":{"line":112,"column":13},"end":{"line":118,"column":7}},"type":"if","locations":[{"start":{"line":112,"column":13},"end":{"line":118,"column":7}},{"start":{"line":115,"column":13},"end":{"line":118,"column":7}}],"line":112},"16":{"loc":{"start":{"line":123,"column":27},"end":{"line":123,"column":43}},"type":"default-arg","locations":[{"start":{"line":123,"column":34},"end":{"line":123,"column":43}}],"line":123},"17":{"loc":{"start":{"line":124,"column":4},"end":{"line":126,"column":5}},"type":"if","locations":[{"start":{"line":124,"column":4},"end":{"line":126,"column":5}},{"start":{},"end":{}}],"line":124},"18":{"loc":{"start":{"line":129,"column":4},"end":{"line":133,"column":5}},"type":"if","locations":[{"start":{"line":129,"column":4},"end":{"line":133,"column":5}},{"start":{"line":131,"column":11},"end":{"line":133,"column":5}}],"line":129},"19":{"loc":{"start":{"line":136,"column":27},"end":{"line":136,"column":43}},"type":"default-arg","locations":[{"start":{"line":136,"column":34},"end":{"line":136,"column":43}}],"line":136},"20":{"loc":{"start":{"line":137,"column":4},"end":{"line":139,"column":5}},"type":"if","locations":[{"start":{"line":137,"column":4},"end":{"line":139,"column":5}},{"start":{},"end":{}}],"line":137},"21":{"loc":{"start":{"line":142,"column":4},"end":{"line":146,"column":5}},"type":"if","locations":[{"start":{"line":142,"column":4},"end":{"line":146,"column":5}},{"start":{"line":144,"column":11},"end":{"line":146,"column":5}}],"line":142},"22":{"loc":{"start":{"line":156,"column":21},"end":{"line":156,"column":32}},"type":"default-arg","locations":[{"start":{"line":156,"column":28},"end":{"line":156,"column":32}}],"line":156},"23":{"loc":{"start":{"line":156,"column":34},"end":{"line":156,"column":46}},"type":"default-arg","locations":[{"start":{"line":156,"column":42},"end":{"line":156,"column":46}}],"line":156}},"s":{"0":23,"1":145,"2":145,"3":22,"4":22,"5":123,"6":285,"7":93,"8":49,"9":49,"10":44,"11":192,"12":191,"13":73,"14":73,"15":118,"16":1,"17":123,"18":2,"19":2,"20":4,"21":2,"22":2,"23":2,"24":9,"25":2,"26":7,"27":7,"28":11,"29":4,"30":7,"31":11,"32":3,"33":4,"34":4,"35":4,"36":9,"37":2,"38":7,"39":3,"40":4,"41":2,"42":5,"43":16,"44":0,"45":16,"46":7,"47":2,"48":5,"49":2,"50":3,"51":1,"52":2,"53":2,"54":1,"55":2,"56":2,"57":2,"58":9,"59":7,"60":7,"61":2,"62":2,"63":5,"64":23,"65":58,"66":31,"67":27,"68":27,"69":27,"70":10,"71":17,"72":23,"73":58,"74":31,"75":27,"76":27,"77":27,"78":4,"79":23,"80":23,"81":2,"82":148,"83":148,"84":148,"85":1,"86":19,"87":19,"88":19,"89":136,"90":19,"91":1},"f":{"0":23,"1":145,"2":285,"3":2,"4":2,"5":7,"6":4,"7":5,"8":16,"9":58,"10":58,"11":2,"12":148,"13":19},"b":{"0":[22,123],"1":[93,192],"2":[49,44],"3":[191,1],"4":[73,118],"5":[4,7],"6":[3,8],"7":[2,7],"8":[3,4],"9":[0,16],"10":[7,9],"11":[2,5],"12":[7,4],"13":[2,3],"14":[1,2],"15":[7,2],"16":[3],"17":[31,27],"18":[10,17],"19":[3],"20":[31,27],"21":[4,23],"22":[148],"23":[148]},"_coverageSchema":"1a1c01bbd47fc00a2c39e90264f33305004495a9","hash":"0d694cc468c71b89d051c8a737efd2cb280ae0c5"}
}
