TN:
SF:bst.js
FN:2,(anonymous_0)
FN:6,(anonymous_1)
FN:13,(anonymous_2)
FN:43,(anonymous_3)
FN:51,(anonymous_4)
FN:59,(anonymous_5)
FN:74,(anonymous_6)
FN:89,(anonymous_7)
FN:90,(anonymous_8)
FN:123,(anonymous_9)
FN:136,(anonymous_10)
FN:149,(anonymous_11)
FN:156,(anonymous_12)
FN:163,(anonymous_13)
FNF:14
FNH:14
FNDA:23,(anonymous_0)
FNDA:145,(anonymous_1)
FNDA:285,(anonymous_2)
FNDA:2,(anonymous_3)
FNDA:2,(anonymous_4)
FNDA:7,(anonymous_5)
FNDA:4,(anonymous_6)
FNDA:5,(anonymous_7)
FNDA:16,(anonymous_8)
FNDA:58,(anonymous_9)
FNDA:58,(anonymous_10)
FNDA:2,(anonymous_11)
FNDA:148,(anonymous_12)
FNDA:19,(anonymous_13)
DA:3,23
DA:7,145
DA:9,145
DA:10,22
DA:11,22
DA:13,123
DA:15,285
DA:17,93
DA:18,49
DA:19,49
DA:21,44
DA:24,192
DA:26,191
DA:27,73
DA:28,73
DA:30,118
DA:35,1
DA:39,123
DA:44,2
DA:45,2
DA:46,4
DA:48,2
DA:52,2
DA:53,2
DA:54,9
DA:56,2
DA:60,7
DA:61,7
DA:62,11
DA:63,4
DA:65,7
DA:67,11
DA:68,3
DA:71,4
DA:75,4
DA:76,4
DA:77,9
DA:78,2
DA:80,7
DA:81,3
DA:83,4
DA:86,2
DA:90,5
DA:91,16
DA:92,0
DA:94,16
DA:95,7
DA:96,2
DA:98,5
DA:99,2
DA:101,3
DA:102,1
DA:105,2
DA:106,2
DA:107,1
DA:109,2
DA:110,2
DA:111,2
DA:112,9
DA:113,7
DA:114,7
DA:116,2
DA:117,2
DA:120,5
DA:123,23
DA:124,58
DA:125,31
DA:127,27
DA:128,27
DA:129,27
DA:130,10
DA:132,17
DA:136,23
DA:137,58
DA:138,31
DA:140,27
DA:141,27
DA:142,27
DA:143,4
DA:145,23
DA:149,23
DA:150,2
DA:157,148
DA:158,148
DA:159,148
DA:163,1
DA:164,19
DA:165,19
DA:166,136
DA:168,19
DA:172,1
LF:91
LH:90
BRDA:9,0,0,22
BRDA:9,0,1,123
BRDA:15,1,0,93
BRDA:15,1,1,192
BRDA:17,2,0,49
BRDA:17,2,1,44
BRDA:24,3,0,191
BRDA:24,3,1,1
BRDA:26,4,0,73
BRDA:26,4,1,118
BRDA:62,5,0,4
BRDA:62,5,1,7
BRDA:67,6,0,3
BRDA:67,6,1,8
BRDA:77,7,0,2
BRDA:77,7,1,7
BRDA:80,8,0,3
BRDA:80,8,1,4
BRDA:91,9,0,0
BRDA:91,9,1,16
BRDA:94,10,0,7
BRDA:94,10,1,9
BRDA:95,11,0,2
BRDA:95,11,1,5
BRDA:95,12,0,7
BRDA:95,12,1,4
BRDA:98,13,0,2
BRDA:98,13,1,3
BRDA:101,14,0,1
BRDA:101,14,1,2
BRDA:112,15,0,7
BRDA:112,15,1,2
BRDA:123,16,0,3
BRDA:124,17,0,31
BRDA:124,17,1,27
BRDA:129,18,0,10
BRDA:129,18,1,17
BRDA:136,19,0,3
BRDA:137,20,0,31
BRDA:137,20,1,27
BRDA:142,21,0,4
BRDA:142,21,1,23
BRDA:156,22,0,148
BRDA:156,23,0,148
BRF:44
BRH:43
end_of_record
